<?xml version="1.0" encoding="US-ASCII" standalone="no"?>
<!DOCTYPE log SYSTEM "logger.dtd">
<log>
<record>
  <date>2008-03-26T14:22:20</date>
  <millis>1206541340951</millis>
  <sequence>597</sequence>
  <logger>Cron</logger>
  <level>INFO</level>
  <class>urn:org:ten60:netkernel:util:cron</class>
  <method>none</method>
  <thread>14</thread>
  <message>Initialising Cron</message>
</record>
<record>
  <date>2008-03-26T14:22:20</date>
  <millis>1206541340953</millis>
  <sequence>598</sequence>
  <logger>Cron</logger>
  <level>INFO</level>
  <class>urn:org:ten60:netkernel:util:cron</class>
  <method>none</method>
  <thread>14</thread>
  <message>Restoring persisted jobs</message>
</record>
<record>
  <date>2008-03-26T14:22:20</date>
  <millis>1206541340968</millis>
  <sequence>599</sequence>
  <logger>Cron</logger>
  <level>WARNING</level>
  <class>urn:org:ten60:netkernel:util:cron</class>
  <method>none</method>
  <thread>14</thread>
  <message>Failed to load persistent jobs</message>
</record>
<record>
  <date>2008-03-26T14:22:20</date>
  <millis>1206541340970</millis>
  <sequence>600</sequence>
  <logger>Cron</logger>
  <level>INFO</level>
  <class>urn:org:ten60:netkernel:util:cron</class>
  <method>none</method>
  <thread>14</thread>
  <message>Locating jobs defined in Cron entrypoints</message>
</record>
<record>
  <date>2008-03-26T14:22:21</date>
  <millis>1206541341194</millis>
  <sequence>601</sequence>
  <logger>Cron</logger>
  <level>INFO</level>
  <class>urn:org:ten60:netkernel:util:cron</class>
  <method>none</method>
  <thread>14</thread>
  <message>  Added Job [Initialize Documentation] of type [ep]</message>
</record>
<record>
  <date>2008-03-26T14:22:21</date>
  <millis>1206541341878</millis>
  <sequence>605</sequence>
  <logger>Cron</logger>
  <level>INFO</level>
  <class>urn:org:ten60:netkernel:util:cron</class>
  <method>none</method>
  <thread>14</thread>
  <message>Starting Scheduler</message>
</record>
