<?xml version="1.0" encoding="US-ASCII" standalone="no"?>
<!DOCTYPE log SYSTEM "logger.dtd">
<log>
<record>
  <date>2007-11-11T21:02:24</date>
  <millis>1194814944497</millis>
  <sequence>594</sequence>
  <logger>Cron</logger>
  <level>INFO</level>
  <class>urn:org:ten60:netkernel:util:cron</class>
  <method>none</method>
  <thread>14</thread>
  <message>Initialising Cron</message>
</record>
<record>
  <date>2007-11-11T21:02:24</date>
  <millis>1194814944504</millis>
  <sequence>595</sequence>
  <logger>Cron</logger>
  <level>INFO</level>
  <class>urn:org:ten60:netkernel:util:cron</class>
  <method>none</method>
  <thread>14</thread>
  <message>Restoring persisted jobs</message>
</record>
<record>
  <date>2007-11-11T21:02:24</date>
  <millis>1194814944517</millis>
  <sequence>596</sequence>
  <logger>Cron</logger>
  <level>WARNING</level>
  <class>urn:org:ten60:netkernel:util:cron</class>
  <method>none</method>
  <thread>14</thread>
  <message>Failed to load persistent jobs</message>
</record>
<record>
  <date>2007-11-11T21:02:24</date>
  <millis>1194814944518</millis>
  <sequence>597</sequence>
  <logger>Cron</logger>
  <level>INFO</level>
  <class>urn:org:ten60:netkernel:util:cron</class>
  <method>none</method>
  <thread>14</thread>
  <message>Locating jobs defined in Cron entrypoints</message>
</record>
<record>
  <date>2007-11-11T21:02:24</date>
  <millis>1194814944738</millis>
  <sequence>598</sequence>
  <logger>Cron</logger>
  <level>INFO</level>
  <class>urn:org:ten60:netkernel:util:cron</class>
  <method>none</method>
  <thread>14</thread>
  <message>  Added Job [Initialize Documentation] of type [ep]</message>
</record>
<record>
  <date>2007-11-11T21:02:24</date>
  <millis>1194814944836</millis>
  <sequence>602</sequence>
  <logger>Cron</logger>
  <level>INFO</level>
  <class>urn:org:ten60:netkernel:util:cron</class>
  <method>none</method>
  <thread>14</thread>
  <message>Starting Scheduler</message>
</record>
